19:37:36.921 INFO  NativeLibraryLoader - Loading libgkl_compression.so from jar:file:/home/aiden/softwares/gatk-4.1.4.1/gatk-package-4.1.4.1-local.jar!/com/intel/gkl/native/libgkl_compression.so
Apr 20, 2020 7:37:37 PM shaded.cloud_nio.com.google.auth.oauth2.ComputeEngineCredentials runningOnComputeEngine
INFO: Failed to detect whether we are running on Google Compute Engine.
19:37:37.090 INFO  SplitNCigarReads - ------------------------------------------------------------
19:37:37.091 INFO  SplitNCigarReads - The Genome Analysis Toolkit (GATK) v4.1.4.1
19:37:37.091 INFO  SplitNCigarReads - For support and documentation go to https://software.broadinstitute.org/gatk/
19:37:37.091 INFO  SplitNCigarReads - Executing as aiden@baderlab-Precision-Tower-5810 on Linux v5.3.0-40-generic amd64
19:37:37.091 INFO  SplitNCigarReads - Java runtime: OpenJDK 64-Bit Server VM v1.8.0_152-release-1056-b12
19:37:37.091 INFO  SplitNCigarReads - Start Date/Time: April 20, 2020 7:37:36 EDT PM
19:37:37.091 INFO  SplitNCigarReads - ------------------------------------------------------------
19:37:37.091 INFO  SplitNCigarReads - ------------------------------------------------------------
19:37:37.092 INFO  SplitNCigarReads - HTSJDK Version: 2.21.0
19:37:37.092 INFO  SplitNCigarReads - Picard Version: 2.21.2
19:37:37.092 INFO  SplitNCigarReads - HTSJDK Defaults.COMPRESSION_LEVEL : 2
19:37:37.092 INFO  SplitNCigarReads - HTSJDK Defaults.USE_ASYNC_IO_READ_FOR_SAMTOOLS : false
19:37:37.092 INFO  SplitNCigarReads - HTSJDK Defaults.USE_ASYNC_IO_WRITE_FOR_SAMTOOLS : true
19:37:37.092 INFO  SplitNCigarReads - HTSJDK Defaults.USE_ASYNC_IO_WRITE_FOR_TRIBBLE : false
19:37:37.092 INFO  SplitNCigarReads - Deflater: IntelDeflater
19:37:37.092 INFO  SplitNCigarReads - Inflater: IntelInflater
19:37:37.092 INFO  SplitNCigarReads - GCS max retries/reopens: 20
19:37:37.092 INFO  SplitNCigarReads - Requester pays: disabled
19:37:37.092 INFO  SplitNCigarReads - Initializing engine
19:37:37.351 INFO  SplitNCigarReads - Done initializing engine
19:37:37.378 INFO  ProgressMeter - Starting traversal
19:37:37.378 INFO  ProgressMeter -        Current Locus  Elapsed Minutes       Reads Processed     Reads/Minute
19:37:47.405 INFO  ProgressMeter -           1:22091455              0.2                428000        2561085.1
19:37:57.415 INFO  ProgressMeter -           1:32818877              0.3                790000        2365623.6
19:38:07.439 INFO  ProgressMeter -           1:45568972              0.5               1112000        2219560.9
19:38:17.440 INFO  ProgressMeter -           1:76120297              0.7               1465000        2194099.1
19:38:27.447 INFO  ProgressMeter -           1:94899497              0.8               1845000        2210948.9
19:38:37.449 INFO  ProgressMeter -          1:143982474              1.0               2207000        2204428.2
19:38:47.486 INFO  ProgressMeter -          1:153991205              1.2               2574000        2202887.0
19:38:57.491 INFO  ProgressMeter -          1:168244287              1.3               2897000        2169685.3
19:39:07.545 INFO  ProgressMeter -          1:203307775              1.5               3231000        2150034.4
19:39:17.548 INFO  ProgressMeter -          1:228148788              1.7               3564000        2134770.9
19:39:27.554 INFO  ProgressMeter -          10:15112736              1.8               3904000        2126052.9
19:39:37.580 INFO  ProgressMeter -          10:30125695              2.0               4182000        2087486.1
19:39:47.582 INFO  ProgressMeter -          10:69104498              2.2               4497000        2072302.5
19:39:57.603 INFO  ProgressMeter -          10:87966129              2.3               4836000        2069245.9
19:40:07.617 INFO  ProgressMeter -         10:112961204              2.5               5133000        2049933.8
19:40:17.783 INFO  ProgressMeter -           11:8684783              2.7               5568000        2082728.1
19:40:27.798 INFO  ProgressMeter -          11:33710187              2.8               5947000        2093768.3
19:40:37.829 INFO  ProgressMeter -          11:63590183              3.0               6272000        2085453.0
19:40:47.838 INFO  ProgressMeter -          11:65499195              3.2               6573000        2070671.0
19:40:57.843 INFO  ProgressMeter -          11:65499504              3.3               6775000        2027785.4
19:41:07.885 INFO  ProgressMeter -          11:65499604              3.5               6959000        1983497.0
19:41:17.984 INFO  ProgressMeter -          11:65503410              3.7               7207000        1960155.0
19:41:27.998 INFO  ProgressMeter -          11:75404825              3.8               7526000        1958026.2
19:41:38.015 INFO  ProgressMeter -         11:111640817              4.0               7833000        1953066.2
19:41:48.017 INFO  ProgressMeter -           12:5948877              4.2               8220000        1967770.4
19:41:58.034 INFO  ProgressMeter -          12:12723239              4.3               8541000        1966039.5
[bam_sort_core] merging from 45 files and 1 in-memory blocks...
19:42:08.049 INFO  ProgressMeter -          12:29701115              4.5               8865000        1965123.6
19:42:18.064 INFO  ProgressMeter -          12:53056045              4.7               9160000        1958059.9
19:42:28.088 INFO  ProgressMeter -          12:58908659              4.8               9500000        1960716.9
19:42:38.094 INFO  ProgressMeter -          12:92842555              5.0               9830000        1961319.0
19:42:48.114 INFO  ProgressMeter -         12:112406010              5.2              10150000        1959869.3
19:42:58.122 INFO  ProgressMeter -         12:125075398              5.3              10447000        1954268.8
19:43:08.142 INFO  ProgressMeter -          13:40329213              5.5              10813000        1961458.9
19:43:18.350 INFO  ProgressMeter -          13:45337384              5.7              11064000        1946904.7
19:43:28.365 INFO  ProgressMeter -         13:100247408              5.8              11437000        1955115.1
19:43:38.383 INFO  ProgressMeter -          14:35053445              6.0              11820000        1964515.7
19:43:48.387 INFO  ProgressMeter -          14:61507752              6.2              12146000        1964265.0
19:43:58.546 INFO  ProgressMeter -          14:90405672              6.4              12488000        1965747.4
19:44:08.553 INFO  ProgressMeter -         14:102085331              6.5              12768000        1958407.4
19:44:18.579 INFO  ProgressMeter -          15:40036278              6.7              13216000        1976465.7
19:44:28.629 INFO  ProgressMeter -          15:48499000              6.9              13499000        1969454.2
19:44:38.646 INFO  ProgressMeter -          15:66781652              7.0              13825000        1969055.3
19:44:48.654 INFO  ProgressMeter -          15:82372328              7.2              14146000        1968020.5
19:44:58.770 INFO  ProgressMeter -           16:2519913              7.4              14546000        1977290.0
19:45:08.798 INFO  ProgressMeter -          16:21432983              7.5              14863000        1975503.9
19:45:18.819 INFO  ProgressMeter -          16:31184255              7.7              15204000        1976937.5
19:45:28.827 INFO  ProgressMeter -          16:56936852              7.9              15558000        1980031.7
19:45:38.833 INFO  ProgressMeter -          16:85806775              8.0              15883000        1979375.0
19:45:48.850 INFO  ProgressMeter -           17:2638295              8.2              16189000        1976389.3
19:45:58.852 INFO  ProgressMeter -          17:17247040              8.4              16494000        1973462.2
19:46:08.871 INFO  ProgressMeter -          17:35521724              8.5              16810000        1971874.5
19:46:18.884 INFO  ProgressMeter -          17:42404096              8.7              17114000        1968989.8
19:46:28.910 INFO  ProgressMeter -          17:59758133              8.9              17432000        1967746.1
19:46:38.916 INFO  ProgressMeter -          17:75777575              9.0              17719000        1963186.3
19:46:48.999 INFO  ProgressMeter -            18:158547              9.2              18022000        1960258.9
19:46:59.030 INFO  ProgressMeter -          18:49592817              9.4              18419000        1967663.2
19:47:09.031 INFO  ProgressMeter -           19:3053062              9.5              18818000        1975114.3
19:47:19.036 INFO  ProgressMeter -          19:10350625              9.7              19108000        1971055.2
19:47:29.042 INFO  ProgressMeter -          19:15237479              9.9              19391000        1966423.5
19:47:39.066 INFO  ProgressMeter -          19:33814012             10.0              19696000        1964074.4
19:47:49.077 INFO  ProgressMeter -          19:41869174             10.2              20017000        1963416.6
19:47:59.104 INFO  ProgressMeter -          19:48966587             10.4              20293000        1958386.8
19:48:09.105 INFO  ProgressMeter -          19:55388010             10.5              20607000        1957206.2
19:48:19.105 INFO  ProgressMeter -           2:27889935             10.7              20994000        1962890.8
19:48:29.108 INFO  ProgressMeter -           2:47690713             10.9              21317000        1962499.8
19:48:39.119 INFO  ProgressMeter -           2:65407099             11.0              21610000        1959376.9
19:48:49.119 INFO  ProgressMeter -           2:95867503             11.2              21958000        1961291.6
19:48:59.126 INFO  ProgressMeter -          2:114422565             11.4              22253000        1958465.6
19:49:09.145 INFO  ProgressMeter -          2:168828446             11.5              22569000        1957508.8
19:49:19.173 INFO  ProgressMeter -          2:197055424             11.7              22906000        1958349.7
19:49:29.182 INFO  ProgressMeter -          2:218272724             11.9              23231000        1958207.6
19:49:39.184 INFO  ProgressMeter -            20:431974             12.0              23568000        1959086.0
19:49:49.202 INFO  ProgressMeter -          20:32359843             12.2              23974000        1965554.6
19:49:59.238 INFO  ProgressMeter -          20:49005368             12.4              24298000        1965168.6
19:50:09.412 INFO  ProgressMeter -           21:8210221             12.5              25071000        2000258.0
19:50:19.412 INFO  ProgressMeter -           21:8217444             12.7              26763000        2107228.8
19:50:29.414 INFO  ProgressMeter -           21:8254572             12.9              27743000        2156091.2
19:50:39.569 INFO  ProgressMeter -           21:8260465             13.0              28819000        2210636.5
19:50:49.807 INFO  ProgressMeter -           21:8393321             13.2              29644000        2244544.6
19:50:59.955 INFO  ProgressMeter -           21:8393687             13.4              30394000        2272230.6
19:51:09.966 INFO  ProgressMeter -           21:8401737             13.5              31177000        2302052.2
19:51:19.966 INFO  ProgressMeter -           21:8437547             13.7              32035000        2336649.7
19:51:29.973 INFO  ProgressMeter -           21:8438370             13.9              32900000        2370900.6
19:51:39.985 INFO  ProgressMeter -           21:8448033             14.0              33589000        2391791.2
19:51:50.089 INFO  ProgressMeter -          21:39253107             14.2              34031000        2394551.0
19:52:00.120 INFO  ProgressMeter -          22:19523323             14.4              34350000        2388894.9
19:52:10.148 INFO  ProgressMeter -          22:35838354             14.5              34668000        2383308.3
19:52:20.181 INFO  ProgressMeter -          22:39313646             14.7              34935000        2374368.9
19:52:30.193 INFO  ProgressMeter -           3:14887327             14.9              35327000        2374086.5
19:52:40.194 INFO  ProgressMeter -           3:40462097             15.0              35733000        2374769.6
19:52:50.194 INFO  ProgressMeter -           3:51993671             15.2              36041000        2368998.8
19:53:00.207 INFO  ProgressMeter -           3:70958522             15.4              36354000        2363644.8
19:53:10.221 INFO  ProgressMeter -          3:119629634             15.5              36692000        2360011.3
19:53:20.233 INFO  ProgressMeter -          3:149369131             15.7              37026000        2356205.4
19:53:30.274 INFO  ProgressMeter -          3:173978729             15.9              37347000        2351589.3
19:53:40.274 INFO  ProgressMeter -            4:6844092             16.0              37728000        2350908.1
19:53:50.306 INFO  ProgressMeter -           4:54014106             16.2              38057000        2346956.8
19:54:00.336 INFO  ProgressMeter -           4:87484494             16.4              38356000        2341259.7
19:54:10.344 INFO  ProgressMeter -          4:108622563             16.5              38663000        2336212.9
19:54:20.356 INFO  ProgressMeter -          4:153801065             16.7              38981000        2331915.6
19:54:30.361 INFO  ProgressMeter -           5:38555713             16.9              39424000        2335123.1
19:54:40.363 INFO  ProgressMeter -           5:60388207             17.0              39770000        2332587.8
19:54:50.370 INFO  ProgressMeter -           5:80833581             17.2              40135000        2331191.7
19:55:00.370 INFO  ProgressMeter -          5:109716353             17.4              40486000        2329030.3
19:55:10.397 INFO  ProgressMeter -          5:139330198             17.6              40829000        2326396.8
19:55:20.425 INFO  ProgressMeter -          5:150445653             17.7              41093000        2319351.8
19:55:30.454 INFO  ProgressMeter -          5:180601566             17.9              41438000        2316965.4
19:55:40.462 INFO  ProgressMeter -           6:29944198             18.1              41868000        2319376.9
19:55:50.478 INFO  ProgressMeter -           6:31637585             18.2              42125000        2312231.3
19:56:00.490 INFO  ProgressMeter -           6:33276207             18.4              42502000        2311750.8
19:56:10.529 INFO  ProgressMeter -           6:43029486             18.6              42836000        2308905.1
19:56:20.709 INFO  ProgressMeter -           6:73520029             18.7              43217000        2308331.2
19:56:30.712 INFO  ProgressMeter -          6:124778893             18.9              43519000        2303945.7
19:56:40.722 INFO  ProgressMeter -          6:142783124             19.1              43795000        2298258.4
19:56:50.747 INFO  ProgressMeter -          6:159688390             19.2              44129000        2295657.3
19:57:00.920 INFO  ProgressMeter -           7:22510443             19.4              44516000        2295542.4
19:57:10.939 INFO  ProgressMeter -           7:45913039             19.6              44830000        2291998.5
19:57:20.947 INFO  ProgressMeter -           7:87673570             19.7              45159000        2289296.2
19:57:30.963 INFO  ProgressMeter -          7:105173526             19.9              45474000        2285920.1
19:57:40.972 INFO  ProgressMeter -          7:131661949             20.1              45804000        2283361.3
19:57:50.976 INFO  ProgressMeter -          7:155781216             20.2              46098000        2279074.3
19:58:00.992 INFO  ProgressMeter -           8:27610586             20.4              46447000        2277532.0
19:58:10.993 INFO  ProgressMeter -           8:58564711             20.6              46772000        2274876.9
19:58:21.011 INFO  ProgressMeter -           8:99606786             20.7              47093000        2272036.8
19:58:31.011 INFO  ProgressMeter -          8:140528473             20.9              47403000        2268750.1
19:58:41.014 INFO  ProgressMeter -           9:19376554             21.1              47754000        2267456.8
19:58:51.025 INFO  ProgressMeter -           9:64632471             21.2              48120000        2266876.1
19:59:01.047 INFO  ProgressMeter -           9:92778579             21.4              48440000        2264136.8
19:59:11.061 INFO  ProgressMeter -          9:127121711             21.6              48761000        2261496.8
19:59:21.231 INFO  ProgressMeter -          9:133351044             21.7              49128000        2260745.7
19:59:31.236 INFO  ProgressMeter -               MT:847             21.9              49482000        2259696.3
19:59:41.244 INFO  ProgressMeter -              MT:1115             22.1              49606000        2248233.6
19:59:51.315 INFO  ProgressMeter -              MT:1237             22.2              49675000        2234363.4
20:00:01.404 INFO  ProgressMeter -              MT:1352             22.4              49737000        2220358.8
20:00:11.559 INFO  ProgressMeter -              MT:1668             22.6              49795000        2206278.2
20:00:21.598 INFO  ProgressMeter -              MT:1709             22.7              49849000        2192417.6
20:00:31.722 INFO  ProgressMeter -              MT:1870             22.9              49930000        2179803.6
20:00:41.740 INFO  ProgressMeter -              MT:1922             23.1              49999000        2167019.9
20:00:51.843 INFO  ProgressMeter -              MT:1958             23.2              50066000        2154202.5
20:01:01.969 INFO  ProgressMeter -              MT:1988             23.4              50130000        2141406.3
20:01:12.167 INFO  ProgressMeter -              MT:2015             23.6              50188000        2128430.5
20:01:22.245 INFO  ProgressMeter -              MT:2035             23.7              50240000        2115565.9
20:01:32.324 INFO  ProgressMeter -              MT:2058             23.9              50291000        2102838.7
20:01:42.495 INFO  ProgressMeter -              MT:2095             24.1              50344000        2090239.1
20:01:52.585 INFO  ProgressMeter -              MT:2125             24.3              50395000        2077848.7
20:02:02.649 INFO  ProgressMeter -              MT:2151             24.4              50455000        2066034.2
20:02:12.680 INFO  ProgressMeter -              MT:2178             24.6              50527000        2054914.9
20:02:22.824 INFO  ProgressMeter -              MT:2203             24.8              50592000        2043507.5
20:02:32.945 INFO  ProgressMeter -              MT:2224             24.9              50654000        2032165.7
20:02:42.978 INFO  ProgressMeter -              MT:2243             25.1              50715000        2021054.7
20:02:53.088 INFO  ProgressMeter -              MT:2264             25.3              50778000        2010067.9
20:03:03.253 INFO  ProgressMeter -              MT:2288             25.4              50840000        1999115.3
20:03:13.441 INFO  ProgressMeter -              MT:2315             25.6              50900000        1988201.0
20:03:23.494 INFO  ProgressMeter -              MT:2349             25.8              50953000        1977329.0
20:03:33.742 INFO  ProgressMeter -              MT:2502             25.9              51013000        1966622.2
20:03:43.864 INFO  ProgressMeter -              MT:2855             26.1              51085000        1956672.5
20:03:53.888 INFO  ProgressMeter -              MT:2992             26.3              51156000        1946933.4
20:04:04.011 INFO  ProgressMeter -              MT:3305             26.4              51226000        1937160.0
20:04:14.093 INFO  ProgressMeter -              MT:5187             26.6              51289000        1927294.5
20:04:24.282 INFO  ProgressMeter -              MT:7743             26.8              51387000        1918733.2
20:04:34.294 INFO  ProgressMeter -              MT:9787             26.9              51564000        1913420.4
20:04:44.308 INFO  ProgressMeter -             MT:15600             27.1              51766000        1909092.6
20:04:54.316 INFO  ProgressMeter -           X:44941776             27.3              52210000        1913695.0
20:05:04.340 INFO  ProgressMeter -           X:72272756             27.4              52541000        1914106.1
20:05:14.359 INFO  ProgressMeter -          X:119786614             27.6              52906000        1915750.3
20:05:24.362 INFO  ProgressMeter -          X:154400808             27.8              53222000        1915627.3
20:05:34.500 INFO  ProgressMeter -    KI270733.1:131593             28.0              55156000        1973237.5
20:05:44.500 INFO  ProgressMeter -    KI270733.1:171612             28.1              56283000        2001621.7
20:05:54.500 INFO  ProgressMeter -    KI270733.1:177366             28.3              57739000        2041302.9
20:06:04.504 INFO  ProgressMeter -    GL000220.1:109873             28.5              59116000        2077738.9
20:06:14.574 INFO  ProgressMeter -    GL000220.1:115625             28.6              60157000        2101926.6
20:06:24.612 INFO  ProgressMeter -    GL000220.1:118267             28.8              60444000        2099680.8
20:06:34.632 INFO  ProgressMeter -    GL000220.1:153501             29.0              60686000        2095928.4
20:06:44.637 INFO  ProgressMeter -    GL000220.1:153634             29.1              60934000        2092443.1
20:06:54.648 INFO  ProgressMeter -    GL000220.1:153695             29.3              61193000        2089367.1
20:07:04.710 INFO  ProgressMeter -    GL000220.1:153835             29.5              61494000        2087689.2
20:07:14.713 INFO  ProgressMeter -    GL000220.1:153943             29.6              61770000        2085256.9
20:07:24.727 INFO  ProgressMeter -    GL000220.1:154190             29.8              62067000        2083543.8
20:07:34.729 INFO  ProgressMeter -    GL000220.1:159732             30.0              62580000        2089074.4
20:07:44.747 INFO  ProgressMeter -             unmapped             30.1              64147000        2129515.3
20:07:54.935 INFO  ProgressMeter -             unmapped             30.3              65647000        2167095.7
20:08:05.235 INFO  ProgressMeter -             unmapped             30.5              66997000        2199198.3
20:08:15.236 INFO  ProgressMeter -             unmapped             30.6              68548000        2237866.0
20:08:25.236 INFO  ProgressMeter -             unmapped             30.8              70083000        2275596.9
20:08:35.301 INFO  ProgressMeter -             unmapped             31.0              71647000        2313777.3
20:08:45.382 INFO  ProgressMeter -             unmapped             31.1              73222000        2351879.3
20:08:55.436 INFO  ProgressMeter -             unmapped             31.3              74797000        2389606.7
20:09:05.489 INFO  ProgressMeter -             unmapped             31.5              76372000        2426933.6
20:09:06.114 INFO  SplitNCigarReads - No reads filtered by: AllowAllReadsReadFilter
20:09:06.545 INFO  OverhangFixingManager - Overhang Fixing Manager saved 386938 reads in the first pass
20:09:06.547 INFO  SplitNCigarReads - Starting traversal pass 2
20:09:15.501 INFO  ProgressMeter -           1:19431729             31.6              76864000        2429684.5
20:09:25.501 INFO  ProgressMeter -           1:23979102             31.8              77073000        2423523.0
20:09:35.536 INFO  ProgressMeter -           1:36275373             32.0              77348000        2419446.2
20:09:45.796 INFO  ProgressMeter -           1:44776767             32.1              77540000        2412547.5
20:09:55.799 INFO  ProgressMeter -           1:61457772             32.3              77851000        2409725.4
20:10:05.864 INFO  ProgressMeter -           1:86360767             32.5              78154000        2406607.0
20:10:16.219 INFO  ProgressMeter -           1:98661839             32.6              78409000        2401695.7
20:10:26.327 INFO  ProgressMeter -          1:121210043             32.8              78686000        2397807.2
20:10:36.343 INFO  ProgressMeter -          1:150810438             33.0              78931000        2393100.6
20:10:46.362 INFO  ProgressMeter -          1:156137138             33.1              79199000        2389129.3
20:10:56.413 INFO  ProgressMeter -          1:172348349             33.3              79480000        2385551.0
20:11:06.492 INFO  ProgressMeter -          1:196725149             33.5              79684000        2379675.8
20:11:16.506 INFO  ProgressMeter -          1:226065693             33.7              79997000        2377174.7
20:11:26.717 INFO  ProgressMeter -          1:244862921             33.8              80223000        2371895.5
20:11:36.801 INFO  ProgressMeter -          10:17235875             34.0              80481000        2367757.9
20:11:46.815 INFO  ProgressMeter -          10:32040954             34.2              80728000        2363419.8
20:11:59.097 INFO  ProgressMeter -          10:69356061             34.4              81016000        2357721.9
20:12:09.098 INFO  ProgressMeter -          10:87060820             34.5              81306000        2354739.1
20:12:19.118 INFO  ProgressMeter -          10:99956886             34.7              81501000        2349025.3
20:12:29.132 INFO  ProgressMeter -         10:125155497             34.9              81775000        2345639.1
20:12:39.136 INFO  ProgressMeter -           11:8684846             35.0              82089000        2343438.2
20:12:49.136 INFO  ProgressMeter -          11:17147464             35.2              82328000        2339131.7
20:12:59.186 INFO  ProgressMeter -          11:61882876             35.4              82650000        2337157.7
20:13:09.199 INFO  ProgressMeter -          11:65120757             35.5              82861000        2332118.9
20:13:19.651 INFO  ProgressMeter -          11:65499332             35.7              83116000        2327882.6
20:13:29.954 INFO  ProgressMeter -          11:65499494             35.9              83266000        2320921.5
20:13:39.987 INFO  ProgressMeter -          11:65499588             36.0              83445000        2315120.3
20:13:51.582 INFO  ProgressMeter -          11:65500735             36.2              83641000        2308182.7
20:14:01.588 INFO  ProgressMeter -          11:73735563             36.4              83927000        2305465.1
20:14:11.599 INFO  ProgressMeter -          11:86524055             36.6              84177000        2301782.7
20:14:21.686 INFO  ProgressMeter -         11:118407039             36.7              84460000        2298952.8
20:14:31.692 INFO  ProgressMeter -           12:5949003             36.9              84751000        2296449.4
20:14:41.707 INFO  ProgressMeter -          12:10719117             37.1              85010000        2293096.0
20:14:51.707 INFO  ProgressMeter -          12:24114359             37.2              85289000        2290325.2
20:15:02.149 INFO  ProgressMeter -          12:48829870             37.4              85508000        2285524.9
20:15:13.302 INFO  ProgressMeter -          12:55725583             37.6              85775000        2281326.9
20:15:23.309 INFO  ProgressMeter -          12:62471928             37.8              86016000        2277633.3
20:15:33.312 INFO  ProgressMeter -          12:89348219             37.9              86291000        2274872.6
20:15:43.326 INFO  ProgressMeter -         12:106855737             38.1              86539000        2271416.5
20:15:54.799 INFO  ProgressMeter -         12:120694220             38.3              86797000        2266811.4
20:16:04.803 INFO  ProgressMeter -          13:28433952             38.5              87131000        2265668.4
20:16:14.825 INFO  ProgressMeter -          13:41470649             38.6              87378000        2262265.3
20:16:24.866 INFO  ProgressMeter -          13:45338692             38.8              87577000        2257635.7
20:16:34.872 INFO  ProgressMeter -          13:91347212             39.0              87844000        2254825.0
20:16:45.911 INFO  ProgressMeter -         13:113264249             39.1              88114000        2251124.4
20:16:55.931 INFO  ProgressMeter -          14:39032025             39.3              88419000        2249319.8
20:17:05.940 INFO  ProgressMeter -          14:61472406             39.5              88651000        2245691.7
20:17:16.219 INFO  ProgressMeter -          14:85560392             39.6              88939000        2243253.0
20:17:26.713 INFO  ProgressMeter -          14:98973045             39.8              89191000        2239727.8
20:17:36.714 INFO  ProgressMeter -          15:20497163             40.0              89424000        2236218.7
20:17:46.758 INFO  ProgressMeter -          15:43407433             40.2              89788000        2235961.1
20:17:56.766 INFO  ProgressMeter -          15:46376904             40.3              90000000        2231969.4
20:18:08.591 INFO  ProgressMeter -          15:65133536             40.5              90291000        2228295.1
20:18:18.747 INFO  ProgressMeter -          15:77343648             40.7              90580000        2226128.0
20:18:28.758 INFO  ProgressMeter -          15:92028284             40.9              90778000        2221883.2
20:18:40.803 INFO  ProgressMeter -           16:4477320             41.1              91115000        2219227.3
20:18:50.823 INFO  ProgressMeter -          16:21834670             41.2              91397000        2217077.8
20:19:00.851 INFO  ProgressMeter -          16:29879198             41.4              91639000        2213972.1
20:19:10.857 INFO  ProgressMeter -          16:56609297             41.6              91908000        2211560.6
20:19:20.889 INFO  ProgressMeter -          16:67952490             41.7              92173000        2209049.6
20:19:32.485 INFO  ProgressMeter -          16:87851373             41.9              92424000        2204852.5
20:19:42.494 INFO  ProgressMeter -           17:2638175             42.1              92696000        2202576.0
20:19:52.494 INFO  ProgressMeter -           17:8377678             42.3              92895000        2198597.6
20:20:02.502 INFO  ProgressMeter -          17:30131990             42.4              93195000        2197024.6
20:20:12.537 INFO  ProgressMeter -          17:38850412             42.6              93392000        2193022.0
20:20:25.113 INFO  ProgressMeter -          17:42762793             42.8              93637000        2188006.2
20:20:35.123 INFO  ProgressMeter -          17:59565610             43.0              93934000        2186422.6
20:20:45.134 INFO  ProgressMeter -          17:69308290             43.1              94153000        2183042.0
20:20:55.141 INFO  ProgressMeter -          17:80933810             43.3              94413000        2180637.7
20:21:05.156 INFO  ProgressMeter -          18:13567511             43.5              94746000        2179925.7
20:21:16.338 INFO  ProgressMeter -          18:58165957             43.6              95001000        2176459.4
20:21:26.338 INFO  ProgressMeter -           19:3209329             43.8              95332000        2175734.9
20:21:36.342 INFO  ProgressMeter -           19:9849571             44.0              95587000        2173284.7
20:21:49.400 INFO  ProgressMeter -          19:13765009             44.2              95826000        2167991.1
20:21:59.402 INFO  ProgressMeter -          19:18280705             44.4              96088000        2165750.6
20:22:09.403 INFO  ProgressMeter -          19:38632636             44.5              96306000        2162539.6
20:22:19.403 INFO  ProgressMeter -          19:44237061             44.7              96563000        2160225.9
20:22:29.512 INFO  ProgressMeter -          19:48902955             44.9              96787000        2157106.6
20:22:40.605 INFO  ProgressMeter -          19:54207418             45.1              97024000        2153515.0
20:22:50.633 INFO  ProgressMeter -           2:17722460             45.2              97361000        2153008.1
20:23:00.648 INFO  ProgressMeter -           2:33030064             45.4              97583000        2149981.5
20:23:10.671 INFO  ProgressMeter -           2:54527170             45.6              97868000        2148353.7
20:23:20.685 INFO  ProgressMeter -           2:64729289             45.7              98101000        2145607.5
20:23:30.692 INFO  ProgressMeter -           2:84906478             45.9              98331000        2142821.3
20:23:40.696 INFO  ProgressMeter -          2:102344815             46.1              98627000        2141490.8
20:23:50.707 INFO  ProgressMeter -          2:135753132             46.2              98864000        2138888.0
20:24:01.160 INFO  ProgressMeter -          2:172479659             46.4              99139000        2136783.7
20:24:11.173 INFO  ProgressMeter -          2:191835431             46.6              99379000        2134279.7
20:24:21.185 INFO  ProgressMeter -          2:207609210             46.7              99639000        2132222.4
20:24:31.187 INFO  ProgressMeter -          2:231256329             46.9              99863000        2129419.6
20:24:41.449 INFO  ProgressMeter -            20:300048             47.1             100073000        2126143.4
20:24:51.831 INFO  ProgressMeter -          20:29299549             47.2             100427000        2125849.3
20:25:01.849 INFO  ProgressMeter -          20:38836001             47.4             100691000        2123931.0
20:25:15.792 INFO  ProgressMeter -          20:62137398             47.6             100971000        2119448.1
20:25:25.792 INFO  ProgressMeter -           21:8210230             47.8             101621000        2125655.5
20:25:35.794 INFO  ProgressMeter -           21:8210550             48.0             102445000        2135445.3
20:25:46.247 INFO  ProgressMeter -           21:8216163             48.1             103153000        2142423.2
20:25:56.252 INFO  ProgressMeter -           21:8254400             48.3             103683000        2145998.8
20:26:06.257 INFO  ProgressMeter -           21:8254606             48.5             104301000        2151364.8
20:26:16.260 INFO  ProgressMeter -           21:8255062             48.6             104937000        2157065.6
20:26:27.160 INFO  ProgressMeter -           21:8392972             48.8             105477000        2160099.3
20:26:37.166 INFO  ProgressMeter -           21:8393280             49.0             105977000        2162951.9
20:26:47.989 INFO  ProgressMeter -           21:8393472             49.2             106452000        2164677.1
20:26:59.232 INFO  ProgressMeter -           21:8393830             49.4             106977000        2167095.3
20:27:09.246 INFO  ProgressMeter -           21:8399694             49.5             107471000        2169766.6
20:27:19.253 INFO  ProgressMeter -           21:8437392             49.7             107988000        2172887.9
20:27:29.253 INFO  ProgressMeter -           21:8437530             49.9             108494000        2175772.7
20:27:39.255 INFO  ProgressMeter -           21:8437774             50.0             109031000        2179256.5
20:27:49.269 INFO  ProgressMeter -           21:8442433             50.2             109558000        2182509.3
20:27:59.278 INFO  ProgressMeter -           21:8445391             50.4             110002000        2184096.1
20:28:10.369 INFO  ProgressMeter -          21:32469968             50.5             110405000        2184081.7
20:28:20.376 INFO  ProgressMeter -          22:19179573             50.7             110699000        2182696.1
20:28:30.904 INFO  ProgressMeter -          22:21491476             50.9             110890000        2178923.6
20:28:40.906 INFO  ProgressMeter -          22:35838346             51.1             111173000        2177352.4
20:28:50.948 INFO  ProgressMeter -          22:39313234             51.2             111393000        2174533.2
20:29:00.952 INFO  ProgressMeter -          22:49963885             51.4             111622000        2171934.3
20:29:10.964 INFO  ProgressMeter -           3:17957564             51.6             111887000        2170044.7
20:29:21.702 INFO  ProgressMeter -           3:39862690             51.7             112174000        2168085.5
20:29:31.771 INFO  ProgressMeter -           3:50258571             51.9             112480000        2166971.2
20:29:41.774 INFO  ProgressMeter -           3:61626913             52.1             112707000        2164392.7
20:29:51.863 INFO  ProgressMeter -          3:101569344             52.2             113017000        2163360.2
20:30:01.875 INFO  ProgressMeter -          3:124481544             52.4             113270000        2161299.6
20:30:13.832 INFO  ProgressMeter -          3:149369155             52.6             113537000        2158187.6
20:30:23.857 INFO  ProgressMeter -          3:173819922             52.8             113855000        2157380.5
20:30:33.892 INFO  ProgressMeter -          3:197098659             52.9             114078000        2154777.2
20:30:43.924 INFO  ProgressMeter -           4:39454168             53.1             114386000        2153792.9
20:30:53.925 INFO  ProgressMeter -           4:57031148             53.3             114613000        2151315.2
20:31:04.193 INFO  ProgressMeter -           4:87138419             53.4             114844000        2148748.8
20:31:14.201 INFO  ProgressMeter -          4:108159083             53.6             115122000        2147249.0
20:31:24.205 INFO  ProgressMeter -          4:139698269             53.8             115372000        2145240.5
20:31:36.537 INFO  ProgressMeter -          4:187256402             54.0             115661000        2142426.5
20:31:46.551 INFO  ProgressMeter -           5:54042627             54.2             116055000        2143099.2
20:31:56.551 INFO  ProgressMeter -           5:60754450             54.3             116295000        2140941.9
20:32:07.489 INFO  ProgressMeter -           5:78558771             54.5             116559000        2138624.7
20:32:17.497 INFO  ProgressMeter -           5:95041103             54.7             116885000        2138062.7
20:32:27.500 INFO  ProgressMeter -          5:128153342             54.8             117150000        2136394.9
20:32:39.048 INFO  ProgressMeter -          5:141515107             55.0             117405000        2133556.7
20:32:49.635 INFO  ProgressMeter -          5:150581016             55.2             117623000        2130686.1
20:32:59.648 INFO  ProgressMeter -          5:179580990             55.4             117894000        2129158.7
20:33:10.033 INFO  ProgressMeter -           6:13358112             55.5             118225000        2128483.1
20:33:20.088 INFO  ProgressMeter -           6:30492962             55.7             118442000        2125975.6
20:33:30.194 INFO  ProgressMeter -           6:31817685             55.9             118714000        2124435.1
20:33:40.206 INFO  ProgressMeter -           6:33276175             56.0             118985000        2122945.3
20:33:50.353 INFO  ProgressMeter -           6:35470603             56.2             119177000        2119974.2
20:34:00.367 INFO  ProgressMeter -           6:52995620             56.4             119449000        2118523.0
20:34:10.374 INFO  ProgressMeter -           6:75603556             56.5             119746000        2117526.8
20:34:21.374 INFO  ProgressMeter -          6:120019948             56.7             119991000        2115002.5
20:34:31.390 INFO  ProgressMeter -          6:137197669             56.9             120246000        2113279.0
20:34:41.393 INFO  ProgressMeter -          6:151349834             57.1             120496000        2111486.1
20:34:51.396 INFO  ProgressMeter -            7:5527300             57.2             120810000        2110821.8
20:35:01.875 INFO  ProgressMeter -           7:26173154             57.4             121093000        2109329.8
20:35:11.889 INFO  ProgressMeter -           7:45184093             57.6             121317000        2107105.8
20:35:21.891 INFO  ProgressMeter -           7:82378738             57.7             121608000        2106062.2
20:35:31.911 INFO  ProgressMeter -           7:99419432             57.9             121831000        2103839.6
20:35:41.913 INFO  ProgressMeter -          7:112460379             58.1             122096000        2102363.7
20:35:51.947 INFO  ProgressMeter -          7:134933439             58.2             122348000        2100653.9
20:36:01.960 INFO  ProgressMeter -          7:158731045             58.4             122642000        2099685.5
20:36:11.995 INFO  ProgressMeter -           8:27598119             58.6             122929000        2098590.0
20:36:22.529 INFO  ProgressMeter -           8:42322146             58.8             123142000        2095944.3
20:36:32.574 INFO  ProgressMeter -           8:86431830             58.9             123460000        2095385.9
20:36:42.577 INFO  ProgressMeter -          8:103041451             59.1             123663000        2092909.3
20:36:52.579 INFO  ProgressMeter -          8:143580033             59.3             123962000        2092067.4
20:37:02.610 INFO  ProgressMeter -           9:19376302             59.4             124220000        2090523.1
20:37:13.462 INFO  ProgressMeter -           9:36395284             59.6             124450000        2088038.2
20:37:23.493 INFO  ProgressMeter -           9:74781326             59.8             124816000        2088321.2
20:37:33.514 INFO  ProgressMeter -          9:108489341             59.9             125050000        2086406.1
20:37:45.858 INFO  ProgressMeter -          9:127505494             60.1             125318000        2083725.0
20:37:55.884 INFO  ProgressMeter -          9:133351021             60.3             125625000        2083042.0
20:38:05.894 INFO  ProgressMeter -          9:136980262             60.5             125785000        2079941.2
20:38:15.922 INFO  ProgressMeter -               MT:962             60.6             126050000        2078578.7
20:38:25.978 INFO  ProgressMeter -              MT:1133             60.8             126125000        2074083.2
20:38:36.074 INFO  ProgressMeter -              MT:1261             61.0             126192000        2069458.6
20:38:46.242 INFO  ProgressMeter -              MT:1362             61.1             126251000        2064688.1
20:38:56.412 INFO  ProgressMeter -              MT:1671             61.3             126305000        2059861.4
20:39:06.456 INFO  ProgressMeter -              MT:1705             61.5             126354000        2055050.1
20:39:16.586 INFO  ProgressMeter -              MT:1864             61.7             126432000        2050687.6
20:39:26.641 INFO  ProgressMeter -              MT:1918             61.8             126501000        2046244.8
20:39:36.682 INFO  ProgressMeter -              MT:1955             62.0             126564000        2041736.8
20:39:48.843 INFO  ProgressMeter -              MT:1984             62.2             126625000        2036063.6
20:39:58.965 INFO  ProgressMeter -              MT:2008             62.4             126682000        2031470.1
20:40:09.087 INFO  ProgressMeter -              MT:2029             62.5             126732000        2026788.3
20:40:19.161 INFO  ProgressMeter -              MT:2048             62.7             126780000        2022126.2
20:40:29.255 INFO  ProgressMeter -              MT:2081             62.9             126832000        2017541.9
20:40:39.461 INFO  ProgressMeter -              MT:2111             63.0             126880000        2012859.1
20:40:49.488 INFO  ProgressMeter -              MT:2133             63.2             126926000        2008264.5
20:40:59.570 INFO  ProgressMeter -              MT:2163             63.4             126998000        2004075.5
20:41:09.616 INFO  ProgressMeter -              MT:2191             63.5             127067000        1999880.4
20:41:19.763 INFO  ProgressMeter -              MT:2209             63.7             127127000        1995513.3
20:41:29.868 INFO  ProgressMeter -              MT:2226             63.9             127174000        1990987.6
20:41:40.004 INFO  ProgressMeter -              MT:2246             64.0             127233000        1986657.0
20:41:50.123 INFO  ProgressMeter -              MT:2268             64.2             127295000        1982404.8
20:42:00.255 INFO  ProgressMeter -              MT:2289             64.4             127354000        1978121.5
20:42:10.368 INFO  ProgressMeter -              MT:2315             64.5             127411000        1973839.3
20:42:20.449 INFO  ProgressMeter -              MT:2349             64.7             127462000        1969503.0
20:42:30.708 INFO  ProgressMeter -              MT:2502             64.9             127521000        1965222.6
20:42:41.207 INFO  ProgressMeter -              MT:2833             65.1             127588000        1960967.0
20:42:51.247 INFO  ProgressMeter -              MT:2964             65.2             127642000        1956764.5
20:43:01.286 INFO  ProgressMeter -              MT:3049             65.4             127711000        1952813.4
20:43:11.441 INFO  ProgressMeter -              MT:4069             65.6             127771000        1948687.7
20:43:21.452 INFO  ProgressMeter -              MT:6285             65.7             127842000        1944821.5
20:43:31.501 INFO  ProgressMeter -              MT:8958             65.9             127983000        1942018.5
20:43:41.518 INFO  ProgressMeter -             MT:10217             66.1             128131000        1939351.3
20:43:51.523 INFO  ProgressMeter -           X:12976969             66.2             128408000        1938651.0
20:44:01.549 INFO  ProgressMeter -           X:40935066             66.4             128682000        1937898.7
20:44:11.563 INFO  ProgressMeter -           X:72272627             66.6             128981000        1937531.7
20:44:21.619 INFO  ProgressMeter -           X:79200395             66.7             129171000        1935512.9
20:44:32.196 INFO  ProgressMeter -          X:119786708             66.9             129429000        1934269.5
20:44:42.200 INFO  ProgressMeter -          X:154400712             67.1             129676000        1933143.9
20:44:54.156 INFO  ProgressMeter -    KI270733.1:126542             67.3             130390000        1938030.8
20:45:04.156 INFO  ProgressMeter -    KI270733.1:126942             67.4             131319000        1947015.6
20:45:14.158 INFO  ProgressMeter -    KI270733.1:133720             67.6             131962000        1951725.7
20:45:24.159 INFO  ProgressMeter -    KI270733.1:171529             67.8             132527000        1955261.4
20:45:34.163 INFO  ProgressMeter -    KI270733.1:171806             67.9             133300000        1961840.0
20:45:44.521 INFO  ProgressMeter -    KI270733.1:172341             68.1             133914000        1965881.8
20:45:54.523 INFO  ProgressMeter -    GL000220.1:109340             68.3             134626000        1971509.4
20:46:04.525 INFO  ProgressMeter -    GL000220.1:109737             68.5             135369000        1977562.5
20:46:14.971 INFO  ProgressMeter -    GL000220.1:109992             68.6             135918000        1980545.4
20:46:25.096 INFO  ProgressMeter -    GL000220.1:115057             68.8             136517000        1984394.3
20:46:35.118 INFO  ProgressMeter -    GL000220.1:117515             69.0             136864000        1984619.6
20:46:45.130 INFO  ProgressMeter -    GL000220.1:153321             69.1             137032000        1982259.3
20:46:55.607 INFO  ProgressMeter -    GL000220.1:153570             69.3             137257000        1980511.4
20:47:05.655 INFO  ProgressMeter -    GL000220.1:153634             69.5             137439000        1978357.0
20:47:15.721 INFO  ProgressMeter -    GL000220.1:153685             69.6             137671000        1976922.4
20:47:25.722 INFO  ProgressMeter -    GL000220.1:153764             69.8             137886000        1975281.9
20:47:35.722 INFO  ProgressMeter -    GL000220.1:153887             70.0             138151000        1974364.2
20:47:46.502 INFO  ProgressMeter -    GL000220.1:154000             70.2             138382000        1972600.5
20:47:56.506 INFO  ProgressMeter -    GL000220.1:154504             70.3             138658000        1971848.2
20:48:06.864 INFO  ProgressMeter -    GL000220.1:159581             70.5             139057000        1972679.4
20:48:19.159 INFO  ProgressMeter -             unmapped             70.7             139830000        1977895.6
20:48:29.540 INFO  ProgressMeter -             unmapped             70.9             140730000        1985766.3
20:48:39.563 INFO  ProgressMeter -             unmapped             71.0             141330000        1989542.9
20:48:49.565 INFO  ProgressMeter -             unmapped             71.2             142124000        1996036.2
20:49:01.108 INFO  ProgressMeter -             unmapped             71.4             142830000        2000546.3
20:49:11.109 INFO  ProgressMeter -             unmapped             71.6             143654000        2007401.0
20:49:22.609 INFO  ProgressMeter -             unmapped             71.8             144330000        2011460.0
20:49:32.660 INFO  ProgressMeter -             unmapped             71.9             145108000        2017592.4
20:49:44.205 INFO  ProgressMeter -             unmapped             72.1             145830000        2022220.9
20:49:54.285 INFO  ProgressMeter -             unmapped             72.3             146580000        2027896.8
20:50:06.170 INFO  ProgressMeter -             unmapped             72.5             147330000        2032702.4
20:50:16.712 INFO  ProgressMeter -             unmapped             72.7             148155000        2039141.8
20:50:27.865 INFO  ProgressMeter -             unmapped             72.8             148830000        2043204.8
20:50:37.867 INFO  ProgressMeter -             unmapped             73.0             149636000        2049579.4
20:50:49.419 INFO  ProgressMeter -             unmapped             73.2             150330000        2053669.4
20:50:59.925 INFO  ProgressMeter -             unmapped             73.4             151155000        2060012.1
20:51:10.639 INFO  ProgressMeter -             unmapped             73.6             151830000        2064187.9
20:51:21.161 INFO  ProgressMeter -             unmapped             73.7             152655000        2070467.7
20:51:26.595 INFO  SplitNCigarReads - No reads filtered by: AllowAllReadsReadFilter
20:51:26.595 INFO  ProgressMeter -             unmapped             73.8             153016448        2072823.9
20:51:26.595 INFO  ProgressMeter - Traversal complete. Processed 153016448 total reads in 73.8 minutes.
20:53:50.171 INFO  SplitNCigarReads - Shutting down engine
[April 20, 2020 8:53:50 EDT PM] org.broadinstitute.hellbender.tools.walkers.rnaseq.SplitNCigarReads done. Elapsed time: 76.22 minutes.
Runtime.totalMemory()=7691829248
Using GATK jar /home/aiden/softwares/gatk-4.1.4.1/gatk-package-4.1.4.1-local.jar
Running:
    java -Dsamjdk.use_async_io_read_samtools=false -Dsamjdk.use_async_io_write_samtools=true -Dsamjdk.use_async_io_write_tribble=false -Dsamjdk.compression_level=2 -jar /home/aiden/softwares/gatk-4.1.4.1/gatk-package-4.1.4.1-local.jar SplitNCigarReads -R /home/aiden/gary/refdata-cellranger-GRCh38-3.0.0/fasta/genome.fa -I bam/AVM-31-07-2019_sorted.bam_samsorted.bam_sort_addgroup.bam_sort_addgroup_rawdedupped.bam -O bam/AVM-31-07-2019_sorted.bam_samsorted.bam_sort_addgroup.bam_sort_addgroup_rawdedupped.bamsort_addgroup_dedupped_splitN.bam
~/gary/refdata-cellranger-GRCh38-3.0.0/fasta/genome.fa
the project path is : /home/aiden/gary/Projects/AVM/sorted/avm4
bam/AVM-31-07-2019_sorted.bam_samsorted.bam_sort_addgroup.bam_sort_addgroup_rawdedupped.bam
~/gary/refdata-cellranger-GRCh38-3.0.0/fasta/genome.fa
the project path is : /home/aiden/gary/Projects/AVM/sorted/avm4
USAGE: HaplotypeCaller [arguments]

Call germline SNPs and indels via local re-assembly of haplotypes
Version:4.1.4.1


Required Arguments:

--input,-I:String             BAM/SAM/CRAM file containing reads  This argument must be specified at least once.
                              Required. 

--output,-O:String            File to which variants should be written  Required. 

--reference,-R:String         Reference sequence file  Required. 


Optional Arguments:

--activity-profile-out:String Output the raw activity profile results in IGV format  Default value: null. 

--add-output-sam-program-record,-add-output-sam-program-record:Boolean
                              If true, adds a PG tag to created SAM/BAM/CRAM files.  Default value: true. Possible
                              values: {true, false} 

--add-output-vcf-command-line,-add-output-vcf-command-line:Boolean
                              If true, adds a command line header line to created VCF files.  Default value: true.
                              Possible values: {true, false} 

--alleles:FeatureInput        The set of alleles to force-call regardless of evidence  Default value: null. 

--annotate-with-num-discovered-alleles:Boolean
                              If provided, we will annotate records with the number of alternate alleles that were
                              discovered (but not necessarily genotyped) at a given site  Default value: false. Possible
                              values: {true, false} 

--annotation,-A:String        One or more specific annotations to add to variant calls  This argument may be specified 0
                              or more times. Default value: null. Possible Values: {AlleleFraction,
                              AS_BaseQualityRankSumTest, AS_FisherStrand, AS_InbreedingCoeff,
                              AS_MappingQualityRankSumTest, AS_QualByDepth, AS_ReadPosRankSumTest, AS_RMSMappingQuality,
                              AS_StrandOddsRatio, BaseQuality, BaseQualityHistogram, BaseQualityRankSumTest,
                              ChromosomeCounts, ClippingRankSumTest, CountNs, Coverage, DepthPerAlleleBySample,
                              DepthPerSampleHC, ExcessHet, FisherStrand, FragmentLength, GenotypeSummaries,
                              InbreedingCoeff, LikelihoodRankSumTest, MappingQuality, MappingQualityRankSumTest,
                              MappingQualityZero, OrientationBiasReadCounts, OriginalAlignment, PossibleDeNovo,
                              QualByDepth, ReadPosition, ReadPosRankSumTest, ReferenceBases, RMSMappingQuality,
                              SampleList, StrandBiasBySample, StrandOddsRatio, TandemRepeat, UniqueAltReadCount}

--annotation-group,-G:String  One or more groups of annotations to apply to variant calls  This argument may be
                              specified 0 or more times. Default value: null. Possible Values:
                              {AlleleSpecificAnnotation, AS_StandardAnnotation, ReducibleAnnotation, StandardAnnotation,
                              StandardHCAnnotation, StandardMutectAnnotation}

--annotations-to-exclude,-AX:String
                              One or more specific annotations to exclude from variant calls  This argument may be
                              specified 0 or more times. Default value: null. Possible Values: {BaseQualityRankSumTest,
                              ChromosomeCounts, Coverage, DepthPerAlleleBySample, DepthPerSampleHC, ExcessHet,
                              FisherStrand, InbreedingCoeff, MappingQualityRankSumTest, QualByDepth, ReadPosRankSumTest,
                              RMSMappingQuality, StrandOddsRatio}

--arguments_file:File         read one or more arguments files and add them to the command line  This argument may be
                              specified 0 or more times. Default value: null. 

--assembly-region-out:String  Output the assembly region to this IGV formatted file  Default value: null. 

--base-quality-score-threshold:Byte
                              Base qualities below this threshold will be reduced to the minimum (6)  Default value: 18.

--cloud-index-prefetch-buffer,-CIPB:Integer
                              Size of the cloud-only prefetch buffer (in MB; 0 to disable). Defaults to
                              cloudPrefetchBuffer if unset.  Default value: -1. 

--cloud-prefetch-buffer,-CPB:Integer
                              Size of the cloud-only prefetch buffer (in MB; 0 to disable).  Default value: 40. 

--contamination-fraction-to-filter,-contamination:Double
                              Fraction of contamination in sequencing data (for all samples) to aggressively remove 
                              Default value: 0.0. 

--correct-overlapping-quality:Boolean
                              Undocumented option  Default value: false. Possible values: {true, false} 

--create-output-bam-index,-OBI:Boolean
                              If true, create a BAM/CRAM index when writing a coordinate-sorted BAM/CRAM file.  Default
                              value: true. Possible values: {true, false} 

--create-output-bam-md5,-OBM:Boolean
                              If true, create a MD5 digest for any BAM/SAM/CRAM file created  Default value: false.
                              Possible values: {true, false} 

--create-output-variant-index,-OVI:Boolean
                              If true, create a VCF index when writing a coordinate-sorted VCF file.  Default value:
                              true. Possible values: {true, false} 

--create-output-variant-md5,-OVM:Boolean
                              If true, create a a MD5 digest any VCF file created.  Default value: false. Possible
                              values: {true, false} 

--dbsnp,-D:FeatureInput       dbSNP file  Default value: null. 

--disable-bam-index-caching,-DBIC:Boolean
                              If true, don't cache bam indexes, this will reduce memory requirements but may harm
                              performance if many intervals are specified.  Caching is automatically disabled if there
                              are no intervals specified.  Default value: false. Possible values: {true, false} 

--disable-read-filter,-DF:String
                              Read filters to be disabled before analysis  This argument may be specified 0 or more
                              times. Default value: null. Possible Values: {GoodCigarReadFilter, MappedReadFilter,
                              MappingQualityAvailableReadFilter, MappingQualityReadFilter,
                              NonZeroReferenceLengthAlignmentReadFilter, NotDuplicateReadFilter,
                              NotSecondaryAlignmentReadFilter, PassesVendorQualityCheckReadFilter, WellformedReadFilter}

--disable-sequence-dictionary-validation,-disable-sequence-dictionary-validation:Boolean
                              If specified, do not check the sequence dictionaries from our inputs for compatibility.
                              Use at your own risk!  Default value: false. Possible values: {true, false} 

--exclude-intervals,-XL:StringOne or more genomic intervals to exclude from processing  This argument may be specified 0
                              or more times. Default value: null. 

--founder-id,-founder-id:String
                              Samples representing the population "founders"  This argument may be specified 0 or more
                              times. Default value: null. 

--gatk-config-file:String     A configuration file to use with the GATK.  Default value: null. 

--gcs-max-retries,-gcs-retries:Integer
                              If the GCS bucket channel errors out, how many times it will attempt to re-initiate the
                              connection  Default value: 20. 

--gcs-project-for-requester-pays:String
                              Project to bill when accessing "requester pays" buckets. If unset, these buckets cannot be
                              accessed.  Default value: . 

--graph-output,-graph:String  Write debug assembly graph information to this file  Default value: null. 

--help,-h:Boolean             display the help message  Default value: false. Possible values: {true, false} 

--heterozygosity:Double       Heterozygosity value used to compute prior likelihoods for any locus.  See the GATKDocs
                              for full details on the meaning of this population genetics concept  Default value: 0.001.

--heterozygosity-stdev:Double Standard deviation of heterozygosity for SNP and indel calling.  Default value: 0.01. 

--indel-heterozygosity:Double Heterozygosity for indel calling.  See the GATKDocs for heterozygosity for full details on
                              the meaning of this population genetics concept  Default value: 1.25E-4. 

--interval-exclusion-padding,-ixp:Integer
                              Amount of padding (in bp) to add to each interval you are excluding.  Default value: 0. 

--interval-merging-rule,-imr:IntervalMergingRule
                              Interval merging rule for abutting intervals  Default value: ALL. Possible values: {ALL,
                              OVERLAPPING_ONLY} 

--interval-padding,-ip:IntegerAmount of padding (in bp) to add to each interval you are including.  Default value: 0. 

--interval-set-rule,-isr:IntervalSetRule
                              Set merging approach to use for combining interval inputs  Default value: UNION. Possible
                              values: {UNION, INTERSECTION} 

--intervals,-L:String         One or more genomic intervals over which to operate  This argument may be specified 0 or
                              more times. Default value: null. 

--lenient,-LE:Boolean         Lenient processing of VCF files  Default value: false. Possible values: {true, false} 

--max-reads-per-alignment-start:Integer
                              Maximum number of reads to retain per alignment start position. Reads above this threshold
                              will be downsampled. Set to 0 to disable.  Default value: 50. 

--min-base-quality-score,-mbq:Byte
                              Minimum base quality required to consider a base for calling  Default value: 10. 

--native-pair-hmm-threads:Integer
                              How many threads should a native pairHMM implementation use  Default value: 4. 

--native-pair-hmm-use-double-precision:Boolean
                              use double precision in the native pairHmm. This is slower but matches the java
                              implementation better  Default value: false. Possible values: {true, false} 

--num-reference-samples-if-no-call:Integer
                              Number of hom-ref genotypes to infer at sites not present in a panel  Default value: 0. 

--output-mode:OutputMode      Specifies which type of calls we should output  Default value: EMIT_VARIANTS_ONLY.
                              Possible values: {EMIT_VARIANTS_ONLY, EMIT_ALL_CONFIDENT_SITES, EMIT_ALL_ACTIVE_SITES} 

--pedigree,-ped:File          Pedigree file for determining the population "founders"  Default value: null. 

--population-callset,-population:FeatureInput
                              Callset to use in calculating genotype priors  Default value: null. 

--QUIET:Boolean               Whether to suppress job-summary info on System.err.  Default value: false. Possible
                              values: {true, false} 

--read-filter,-RF:String      Read filters to be applied before analysis  This argument may be specified 0 or more
                              times. Default value: null. Possible Values: {AlignmentAgreesWithHeaderReadFilter,
                              AllowAllReadsReadFilter, AmbiguousBaseReadFilter, CigarContainsNoNOperator,
                              FirstOfPairReadFilter, FragmentLengthReadFilter, GoodCigarReadFilter,
                              HasReadGroupReadFilter, IntervalOverlapReadFilter, LibraryReadFilter, MappedReadFilter,
                              MappingQualityAvailableReadFilter, MappingQualityNotZeroReadFilter,
                              MappingQualityReadFilter, MatchingBasesAndQualsReadFilter, MateDifferentStrandReadFilter,
                              MateOnSameContigOrNoMappedMateReadFilter, MateUnmappedAndUnmappedReadFilter,
                              MetricsReadFilter, NonChimericOriginalAlignmentReadFilter,
                              NonZeroFragmentLengthReadFilter, NonZeroReferenceLengthAlignmentReadFilter,
                              NotDuplicateReadFilter, NotOpticalDuplicateReadFilter, NotSecondaryAlignmentReadFilter,
                              NotSupplementaryAlignmentReadFilter, OverclippedReadFilter, PairedReadFilter,
                              PassesVendorQualityCheckReadFilter, PlatformReadFilter, PlatformUnitReadFilter,
                              PrimaryLineReadFilter, ProperlyPairedReadFilter, ReadGroupBlackListReadFilter,
                              ReadGroupReadFilter, ReadLengthEqualsCigarLengthReadFilter, ReadLengthReadFilter,
                              ReadNameReadFilter, ReadStrandFilter, SampleReadFilter, SecondOfPairReadFilter,
                              SeqIsStoredReadFilter, SoftClippedReadFilter, ValidAlignmentEndReadFilter,
                              ValidAlignmentStartReadFilter, WellformedReadFilter}

--read-index,-read-index:String
                              Indices to use for the read inputs. If specified, an index must be provided for every read
                              input and in the same order as the read inputs. If this argument is not specified, the
                              path to the index for each input will be inferred automatically.  This argument may be
                              specified 0 or more times. Default value: null. 

--read-validation-stringency,-VS:ValidationStringency
                              Validation stringency for all SAM/BAM/CRAM/SRA files read by this program.  The default
                              stringency value SILENT can improve performance when processing a BAM file in which
                              variable-length data (read, qualities, tags) do not otherwise need to be decoded.  Default
                              value: SILENT. Possible values: {STRICT, LENIENT, SILENT} 

--recover-dangling-heads:Boolean
                              This argument is deprecated since version 3.3  Default value: false. Possible values:
                              {true, false} 

--sample-name,-ALIAS:String   Name of single sample to use from a multi-sample bam  Default value: null. 

--sample-ploidy,-ploidy:Integer
                              Ploidy (number of chromosomes) per sample. For pooled data, set to (Number of samples in
                              each pool * Sample Ploidy).  Default value: 2. 

--seconds-between-progress-updates,-seconds-between-progress-updates:Double
                              Output traversal statistics every time this many seconds elapse  Default value: 10.0. 

--sequence-dictionary,-sequence-dictionary:String
                              Use the given sequence dictionary as the master/canonical sequence dictionary.  Must be a
                              .dict file.  Default value: null. 

--sites-only-vcf-output:Boolean
                              If true, don't emit genotype fields when writing vcf file output.  Default value: false.
                              Possible values: {true, false} 

--standard-min-confidence-threshold-for-calling,-stand-call-conf:Double
                              The minimum phred-scaled confidence threshold at which variants should be called  Default
                              value: 30.0. 

--tmp-dir:GATKPathSpecifier   Temp directory to use.  Default value: null. 

--use-jdk-deflater,-jdk-deflater:Boolean
                              Whether to use the JdkDeflater (as opposed to IntelDeflater)  Default value: false.
                              Possible values: {true, false} 

--use-jdk-inflater,-jdk-inflater:Boolean
                              Whether to use the JdkInflater (as opposed to IntelInflater)  Default value: false.
                              Possible values: {true, false} 

--use-new-qual-calculator,-new-qual:Boolean
                              Use the new AF model instead of the so-called exact model  Default value: true. Possible
                              values: {true, false} 

--verbosity,-verbosity:LogLevel
                              Control verbosity of logging.  Default value: INFO. Possible values: {ERROR, WARNING,
                              INFO, DEBUG} 

--version:Boolean             display the version number for this tool  Default value: false. Possible values: {true,
                              false} 


Advanced Arguments:

--active-probability-threshold:Double
                              Minimum probability for a locus to be considered active.  Default value: 0.002. 

--adaptive-pruning:Boolean    Use Mutect2's adaptive graph pruning algorithm  Default value: false. Possible values:
                              {true, false} 

--adaptive-pruning-initial-error-rate:Double
                              Initial base error rate estimate for adaptive pruning  Default value: 0.001. 

--all-site-pls:Boolean        Annotate all sites with PLs  Default value: false. Possible values: {true, false} 

--allow-non-unique-kmers-in-ref:Boolean
                              Allow graphs that have non-unique kmers in the reference  Default value: false. Possible
                              values: {true, false} 

--assembly-region-padding:Integer
                              Number of additional bases of context to include around each assembly region  Default
                              value: 100. 

--bam-output,-bamout:String   File to which assembled haplotypes should be written  Default value: null. 

--bam-writer-type:WriterType  Which haplotypes should be written to the BAM  Default value: CALLED_HAPLOTYPES. Possible
                              values: {ALL_POSSIBLE_HAPLOTYPES, CALLED_HAPLOTYPES} 

--comparison,-comp:FeatureInput
                              Comparison VCF file(s)  This argument may be specified 0 or more times. Default value:
                              null. 

--contamination-fraction-per-sample-file,-contamination-file:File
                              Tab-separated File containing fraction of contamination in sequencing data (per sample) to
                              aggressively remove. Format should be "<SampleID><TAB><Contamination>" (Contamination is
                              double) per line; No header.  Default value: null. 

--debug-assembly,-debug:Boolean
                              Print out verbose debug information about each assembly region  Default value: false.
                              Possible values: {true, false} 

--disable-optimizations:Boolean
                              Don't skip calculations in ActiveRegions with no variants  Default value: false. Possible
                              values: {true, false} 

--disable-tool-default-annotations,-disable-tool-default-annotations:Boolean
                              Disable all tool default annotations  Default value: false. Possible values: {true, false}

--disable-tool-default-read-filters,-disable-tool-default-read-filters:Boolean
                              Disable all tool default read filters (WARNING: many tools will not function correctly
                              without their default read filters on)  Default value: false. Possible values: {true,
                              false} 

--do-not-run-physical-phasing:Boolean
                              Disable physical phasing  Default value: false. Possible values: {true, false} 

--dont-increase-kmer-sizes-for-cycles:Boolean
                              Disable iterating over kmer sizes when graph cycles are detected  Default value: false.
                              Possible values: {true, false} 

--dont-trim-active-regions:Boolean
                              If specified, we will not trim down the active region from the full region (active +
                              extension) to just the active interval for genotyping  Default value: false. Possible
                              values: {true, false} 

--dont-use-soft-clipped-bases:Boolean
                              Do not analyze soft clipped bases in the reads  Default value: false. Possible values:
                              {true, false} 

--emit-ref-confidence,-ERC:ReferenceConfidenceMode
                              Mode for emitting reference confidence scores (For Mutect2, this is a BETA feature) 
                              Default value: NONE. Possible values: {NONE, BP_RESOLUTION, GVCF} 

--enable-all-annotations:Boolean
                              Use all possible annotations (not for the faint of heart)  Default value: false. Possible
                              values: {true, false} 

--floor-blocks:Boolean        Output the band lower bound for each GQ block regardless of the data it represents 
                              Default value: false. Possible values: {true, false} 

--force-active:Boolean        If provided, all regions will be marked as active  Default value: false. Possible values:
                              {true, false} 

--force-call-filtered-alleles,-genotype-filtered-alleles:Boolean
                              Force-call filtered alleles included in the resource specified by --alleles  Default
                              value: false. Possible values: {true, false} 

--gvcf-gq-bands,-GQB:Integer  Exclusive upper bounds for reference confidence GQ bands (must be in [1, 100] and
                              specified in increasing order)  This argument may be specified 0 or more times. Default
                              value: [1, 2, 3, 4, 5, 6, 7, 8, 9, 10, 11, 12, 13, 14, 15, 16, 17, 18, 19, 20, 21, 22, 23,
                              24, 25, 26, 27, 28, 29, 30, 31, 32, 33, 34, 35, 36, 37, 38, 39, 40, 41, 42, 43, 44, 45,
                              46, 47, 48, 49, 50, 51, 52, 53, 54, 55, 56, 57, 58, 59, 60, 70, 80, 90, 99]. 

--indel-size-to-eliminate-in-ref-model:Integer
                              The size of an indel to check for in the reference model  Default value: 10. 

--input-prior:Double          Input prior for calls  This argument may be specified 0 or more times. Default value:
                              null. 

--kmer-size:Integer           Kmer size to use in the read threading assembler  This argument may be specified 0 or more
                              times. Default value: [10, 25]. 

--max-alternate-alleles:Integer
                              Maximum number of alternate alleles to genotype  Default value: 6. 

--max-assembly-region-size:Integer
                              Maximum size of an assembly region  Default value: 300. 

--max-genotype-count:Integer  Maximum number of genotypes to consider at any site  Default value: 1024. 

--max-mnp-distance,-mnp-dist:Integer
                              Two or more phased substitutions separated by this distance or less are merged into MNPs. 
                              Default value: 0. 

--max-num-haplotypes-in-population:Integer
                              Maximum number of haplotypes to consider for your population  Default value: 128. 

--max-prob-propagation-distance:Integer
                              Upper limit on how many bases away probability mass can be moved around when calculating
                              the boundaries between active and inactive assembly regions  Default value: 50. 

--max-unpruned-variants:Integer
                              Maximum number of variants in graph the adaptive pruner will allow  Default value: 100. 

--min-assembly-region-size:Integer
                              Minimum size of an assembly region  Default value: 50. 

--min-dangling-branch-length:Integer
                              Minimum length of a dangling branch to attempt recovery  Default value: 4. 

--min-pruning:Integer         Minimum support to not prune paths in the graph  Default value: 2. 

--num-pruning-samples:Integer Number of samples that must pass the minPruning threshold  Default value: 1. 

--pair-hmm-gap-continuation-penalty:Integer
                              Flat gap continuation penalty for use in the Pair HMM  Default value: 10. 

--pair-hmm-implementation,-pairHMM:Implementation
                              The PairHMM implementation to use for genotype likelihood calculations  Default value:
                              FASTEST_AVAILABLE. Possible values: {EXACT, ORIGINAL, LOGLESS_CACHING,
                              AVX_LOGLESS_CACHING, AVX_LOGLESS_CACHING_OMP, EXPERIMENTAL_FPGA_LOGLESS_CACHING,
                              FASTEST_AVAILABLE} 

--pcr-indel-model:PCRErrorModel
                              The PCR indel model to use  Default value: CONSERVATIVE. Possible values: {NONE, HOSTILE,
                              AGGRESSIVE, CONSERVATIVE} 

--phred-scaled-global-read-mismapping-rate:Integer
                              The global assumed mismapping rate for reads  Default value: 45. 

--pruning-lod-threshold:DoubleLn likelihood ratio threshold for adaptive pruning algorithm  Default value:
                              2.302585092994046. 

--recover-all-dangling-branches:Boolean
                              Recover all dangling branches  Default value: false. Possible values: {true, false} 

--showHidden,-showHidden:Boolean
                              display hidden arguments  Default value: false. Possible values: {true, false} 

--smith-waterman:Implementation
                              Which Smith-Waterman implementation to use, generally FASTEST_AVAILABLE is the right
                              choice  Default value: JAVA. Possible values: {FASTEST_AVAILABLE, AVX_ENABLED, JAVA} 

--use-filtered-reads-for-annotations:Boolean
                              Use the contamination-filtered read maps for the purposes of annotating variants  Default
                              value: false. Possible values: {true, false} 

Conditional Arguments for annotation:

Valid only if "RMSMappingQuality" is specified:
--allow-old-rms-mapping-quality-annotation-data:Boolean
                              Override to allow old RMSMappingQuality annotated VCFs to function  Default value: false.
                              Possible values: {true, false} 

Conditional Arguments for readFilter:

Valid only if "AmbiguousBaseReadFilter" is specified:
--ambig-filter-bases:Integer  Threshold number of ambiguous bases. If null, uses threshold fraction; otherwise,
                              overrides threshold fraction.  Default value: null.  Cannot be used in conjuction with
                              argument(s) maxAmbiguousBaseFraction

--ambig-filter-frac:Double    Threshold fraction of ambiguous bases  Default value: 0.05.  Cannot be used in conjuction
                              with argument(s) maxAmbiguousBases

Valid only if "FragmentLengthReadFilter" is specified:
--max-fragment-length:Integer Maximum length of fragment (insert size)  Default value: 1000000. 

--min-fragment-length:Integer Minimum length of fragment (insert size)  Default value: 0. 

Valid only if "IntervalOverlapReadFilter" is specified:
--keep-intervals:String       One or more genomic intervals to keep  This argument must be specified at least once.
                              Required. 

Valid only if "LibraryReadFilter" is specified:
--library,-library:String     Name of the library to keep  This argument must be specified at least once. Required. 

Valid only if "MappingQualityReadFilter" is specified:
--maximum-mapping-quality:Integer
                              Maximum mapping quality to keep (inclusive)  Default value: null. 

--minimum-mapping-quality:Integer
                              Minimum mapping quality to keep (inclusive)  Default value: 20. 

Valid only if "OverclippedReadFilter" is specified:
--dont-require-soft-clips-both-ends:Boolean
                              Allow a read to be filtered out based on having only 1 soft-clipped block. By default,
                              both ends must have a soft-clipped block, setting this flag requires only 1 soft-clipped
                              block  Default value: false. Possible values: {true, false} 

--filter-too-short:Integer    Minimum number of aligned bases  Default value: 30. 

Valid only if "PlatformReadFilter" is specified:
--platform-filter-name:String Platform attribute (PL) to match  This argument must be specified at least once. Required.

Valid only if "PlatformUnitReadFilter" is specified:
--black-listed-lanes:String   Platform unit (PU) to filter out  This argument must be specified at least once. Required.

Valid only if "ReadGroupBlackListReadFilter" is specified:
--read-group-black-list:StringThe name of the read group to filter out  This argument must be specified at least once.
                              Required. 

Valid only if "ReadGroupReadFilter" is specified:
--keep-read-group:String      The name of the read group to keep  Required. 

Valid only if "ReadLengthReadFilter" is specified:
--max-read-length:Integer     Keep only reads with length at most equal to the specified value  Required. 

--min-read-length:Integer     Keep only reads with length at least equal to the specified value  Default value: 1. 

Valid only if "ReadNameReadFilter" is specified:
--read-name:String            Keep only reads with this read name  Required. 

Valid only if "ReadStrandFilter" is specified:
--keep-reverse-strand-only:Boolean
                              Keep only reads on the reverse strand  Required. Possible values: {true, false} 

Valid only if "SampleReadFilter" is specified:
--sample,-sample:String       The name of the sample(s) to keep, filtering out all others  This argument must be
                              specified at least once. Required. 

Valid only if "SoftClippedReadFilter" is specified:
--invert-soft-clip-ratio-filter:Boolean
                              Inverts the results from this filter, causing all variants that would pass to fail and
                              visa-versa.  Default value: false. Possible values: {true, false} 

--soft-clipped-leading-trailing-ratio:Double
                              Threshold ratio of soft clipped bases (leading / trailing the cigar string) to total bases
                              in read for read to be filtered.  Default value: null.  Cannot be used in conjuction with
                              argument(s) minimumSoftClippedRatio

--soft-clipped-ratio-threshold:Double
                              Threshold ratio of soft clipped bases (anywhere in the cigar string) to total bases in
                              read for read to be filtered.  Default value: null.  Cannot be used in conjuction with
                              argument(s) minimumLeadingTrailingSoftClippedRatio


***********************************************************************

A USER ERROR has occurred: d is not a recognized option

***********************************************************************
Set the system property GATK_STACKTRACE_ON_USER_EXCEPTION (--java-options '-DGATK_STACKTRACE_ON_USER_EXCEPTION=true') to print the stack trace.
Using GATK jar /home/aiden/softwares/gatk-4.1.4.1/gatk-package-4.1.4.1-local.jar
Running:
    java -Dsamjdk.use_async_io_read_samtools=false -Dsamjdk.use_async_io_write_samtools=true -Dsamjdk.use_async_io_write_tribble=false -Dsamjdk.compression_level=2 -jar /home/aiden/softwares/gatk-4.1.4.1/gatk-package-4.1.4.1-local.jar HaplotypeCaller -R /home/aiden/gary/refdata-cellranger-GRCh38-3.0.0/fasta/genome.fa -I bam/AVM-31-07-2019_sorted.bam_samsorted.bam_sort_addgroup.bam_sort_addgroup_rawdedupped.bamsort_addgroup_dedupped_splitN.bam -dontUseSoftClippedBases -stand_call_conf 20.0 -o bam/AVM-31-07-2019_sorted.bam_samsorted.bam_sort_addgroup.bam_sort_addgroup_rawdedupped.bamsort_addgroup_dedupped_splitN.bamgatk_wholes_genome.vcf
~/gary/refdata-cellranger-GRCh38-3.0.0/fasta/genome.fa
the project path is : /home/aiden/gary/Projects/AVM/sorted/avm4
bam/AVM-31-07-2019_sorted.bam_samsorted.bam_sort_addgroup.bam_sort_addgroup_rawdedupped.bamsort_addgroup_dedupped_splitN.bam
